0 info it worked if it ends with ok
1 verbose cli [ '/Users/a/.nvm/versions/node/v7.7.1/bin/node',
1 verbose cli   '/Users/a/.nvm/versions/node/v7.7.1/bin/npm',
1 verbose cli   'run',
1 verbose cli   'dev' ]
2 info using npm@4.1.2
3 info using node@v7.7.1
4 verbose run-script [ 'predev', 'dev', 'postdev' ]
5 info lifecycle dungou@0.0.0~predev: dungou@0.0.0
6 silly lifecycle dungou@0.0.0~predev: no script for predev, continuing
7 info lifecycle dungou@0.0.0~dev: dungou@0.0.0
8 verbose lifecycle dungou@0.0.0~dev: unsafe-perm in lifecycle true
9 verbose lifecycle dungou@0.0.0~dev: PATH: /Users/a/.nvm/versions/node/v7.7.1/lib/node_modules/npm/bin/node-gyp-bin:/Users/a/dungou/node_modules/.bin:/Users/a/.nvm/versions/node/v7.7.1/bin:/Users/a/.yarn/bin:/usr/local/bin:/usr/bin:/bin:/usr/sbin:/sbin
10 verbose lifecycle dungou@0.0.0~dev: CWD: /Users/a/dungou
11 silly lifecycle dungou@0.0.0~dev: Args: [ '-c',
11 silly lifecycle   'cross-env NODE_ENV=development webpack-dev-server  --progress' ]
12 info lifecycle dungou@0.0.0~dev: Failed to exec dev script
13 verbose stack Error: dungou@0.0.0 dev: `cross-env NODE_ENV=development webpack-dev-server  --progress`
13 verbose stack spawn ENOENT
13 verbose stack     at ChildProcess.<anonymous> (/Users/a/.nvm/versions/node/v7.7.1/lib/node_modules/npm/lib/utils/spawn.js:33:16)
13 verbose stack     at emitTwo (events.js:106:13)
13 verbose stack     at ChildProcess.emit (events.js:194:7)
13 verbose stack     at maybeClose (internal/child_process.js:899:16)
13 verbose stack     at Process.ChildProcess._handle.onexit (internal/child_process.js:226:5)
14 verbose pkgid dungou@0.0.0
15 verbose cwd /Users/a/dungou
16 error Darwin 16.4.0
17 error argv "/Users/a/.nvm/versions/node/v7.7.1/bin/node" "/Users/a/.nvm/versions/node/v7.7.1/bin/npm" "run" "dev"
18 error node v7.7.1
19 error npm  v4.1.2
20 error file sh
21 error code ELIFECYCLE
22 error errno ENOENT
23 error syscall spawn
24 error dungou@0.0.0 dev: `cross-env NODE_ENV=development webpack-dev-server  --progress`
24 error spawn ENOENT
25 error Failed at the dungou@0.0.0 dev script 'cross-env NODE_ENV=development webpack-dev-server  --progress'.
25 error Make sure you have the latest version of node.js and npm installed.
25 error If you do, this is most likely a problem with the dungou package,
25 error not with npm itself.
25 error Tell the author that this fails on your system:
25 error     cross-env NODE_ENV=development webpack-dev-server  --progress
25 error You can get information on how to open an issue for this project with:
25 error     npm bugs dungou
25 error Or if that isn't available, you can get their info via:
25 error     npm owner ls dungou
25 error There is likely additional logging output above.
26 verbose exit [ 1, true ]
