Arguments: 
  /Users/a/.nvm/versions/node/v7.7.1/bin/node /Users/a/.nvm/versions/node/v7.7.1/bin/yarn

PATH: 
  /Users/a/.nvm/versions/node/v7.7.1/bin:/Users/a/.yarn/bin:/usr/local/bin:/usr/bin:/bin:/usr/sbin:/sbin

Yarn version: 
  0.24.5

Node version: 
  7.7.1

Platform: 
  darwin x64

npm manifest: 
  {
    "name": "dungou",
    "private": true,
    "version": "0.0.0",
    "description": "dungou - Generated by generator-berton-react",
    "main": "src/index.js",
    "scripts": {
      "start": "npm run dev",
      "build": "cross-env NODE_ENV=development webpack  --progress",
      "dev": "cross-env NODE_ENV=development webpack-dev-server  --progress",
      "test": "echo \"Error: no test specified\" && exit 1"
    },
    "repository": " ",
    "keywords": [],
    "author": "gaoyantao",
    "devDependencies": {
      "babel-core": "^6.25.0",
      "babel-eslint": "^7.2.3",
      "babel-loader": "^7.1.1",
      "babel-plugin-import": "^1.2.1",
      "babel-plugin-transform-decorators-legacy": "^1.3.4",
      "babel-preset-es2015": "^6.24.1",
      "babel-preset-react": "^6.24.1",
      "babel-preset-stage-1": "^6.24.1",
      "cross-env": "^5.0.1",
      "css-loader": "^0.28.4",
      "html-webpack-plugin": "^2.29.0",
      "node-sass": "^4.5.3",
      "sass-loader": "^6.0.6",
      "style-loader": "^0.18.2",
      "webpack": "^3.4.1",
      "webpack-dev-server": "^2.6.1",
      "eslint": "^4.3.0",
      "eslint-loader": "^1.9.0",
      "eslint-plugin-react": "^7.1.0"
    },
    "dependencies": {
      "antd": "^2.12.2",
      "react": "^15.6.1",
      "react-dom": "^15.6.1",
      "react-hot-loader": "^3.0.0-beta.7",
      "react-router-dom": "^4.1.2",
      "redux": "^3.7.2",
      "react-redux": "^5.0.5"
    }
  }

yarn manifest: 
  No manifest

Lockfile: 
  No lockfile

Trace: 
  Error: https://registry.yarnpkg.com/antd: ETIMEDOUT
      at Timeout._onTimeout (/Users/a/.nvm/versions/node/v7.7.1/lib/node_modules/yarn/node_modules/request/request.js:852:19)
      at ontimeout (timers.js:380:14)
      at tryOnTimeout (timers.js:244:5)
      at Timer.listOnTimeout (timers.js:214:5)
